#
# There is insufficient memory for the Java Runtime Environment to continue.
# Native memory allocation (malloc) failed to allocate 1739536 bytes. Error detail: Chunk::new
# Possible reasons:
#   The system is out of physical RAM or swap space
#   This process is running with CompressedOops enabled, and the Java Heap may be blocking the growth of the native heap
# Possible solutions:
#   Reduce memory load on the system
#   Increase physical memory or swap space
#   Check if swap backing store is full
#   Decrease Java heap size (-Xmx/-Xms)
#   Decrease number of Java threads
#   Decrease Java thread stack sizes (-Xss)
#   Set larger code cache with -XX:ReservedCodeCacheSize=
#   JVM is running with Unscaled Compressed Oops mode in which the Java heap is
#     placed in the first 4GB address space. The Java Heap base address is the
#     maximum limit for the native heap growth. Please use -XX:HeapBaseMinAddress
#     to set the Java Heap base and to place the Java Heap above 4GB virtual address.
# This output file may be truncated or incomplete.
#
#  Out of Memory Error (arena.cpp:168), pid=41504, tid=33352
#
# JRE version: OpenJDK Runtime Environment Temurin-21.0.7+6 (21.0.7+6) (build 21.0.7+6-LTS)
# Java VM: OpenJDK 64-Bit Server VM Temurin-21.0.7+6 (21.0.7+6-LTS, mixed mode, sharing, tiered, compressed oops, compressed class ptrs, parallel gc, windows-amd64)
# No core dump will be written. Minidumps are not enabled by default on client versions of Windows
#

---------------  S U M M A R Y ------------

Command Line: --add-modules=ALL-SYSTEM --add-opens=java.base/java.util=ALL-UNNAMED --add-opens=java.base/java.lang=ALL-UNNAMED --add-opens=java.base/sun.nio.fs=ALL-UNNAMED -Declipse.application=org.eclipse.jdt.ls.core.id1 -Dosgi.bundles.defaultStartLevel=4 -Declipse.product=org.eclipse.jdt.ls.core.product -Djava.import.generatesMetadataFilesAtProjectRoot=false -DDetectVMInstallationsJob.disabled=true -Dfile.encoding=utf8 -XX:+UseParallelGC -XX:GCTimeRatio=4 -XX:AdaptiveSizePolicyWeight=90 -Dsun.zip.disableMemoryMapping=true -Xmx2G -Xms100m -Xlog:disable -javaagent:c:\Users\lauta\.vscode\extensions\redhat.java-1.43.1-win32-x64\lombok\lombok-1.18.39-4050.jar -XX:+HeapDumpOnOutOfMemoryError -XX:HeapDumpPath=c:\Users\lauta\AppData\Roaming\Code\User\workspaceStorage\c792aae85380272769ba0943be7e9a92\redhat.java -Daether.dependencyCollector.impl=bf c:\Users\lauta\.vscode\extensions\redhat.java-1.43.1-win32-x64\server\plugins\org.eclipse.equinox.launcher_1.7.0.v20250519-0528.jar -configuration c:\Users\lauta\AppData\Roaming\Code\User\globalStorage\redhat.java\1.43.1\config_win -data c:\Users\lauta\AppData\Roaming\Code\User\workspaceStorage\c792aae85380272769ba0943be7e9a92\redhat.java\jdt_ws --pipe=\\.\pipe\lsp-1a59033046c16226dd48fe974b78a3db-sock

Host: Intel(R) Core(TM) i7-1065G7 CPU @ 1.30GHz, 8 cores, 23G,  Windows 11 , 64 bit Build 26100 (10.0.26100.4520)
Time: Fri Jul  4 22:47:50 2025 Hora estándar de Argentina elapsed time: 29.131990 seconds (0d 0h 0m 29s)

---------------  T H R E A D  ---------------

Current thread (0x00000225795352d0):  JavaThread "C2 CompilerThread1" daemon [_thread_in_native, id=33352, stack(0x000000751b500000,0x000000751b600000) (1024K)]


Current CompileTask:
C2:29132 7952   !   4       org.eclipse.jdt.internal.core.search.indexing.BinaryIndexer::indexDocument (1168 bytes)

Stack: [0x000000751b500000,0x000000751b600000]
Native frames: (J=compiled Java code, j=interpreted, Vv=VM code, C=native code)
V  [jvm.dll+0x6ce119]
V  [jvm.dll+0x8a84a1]
V  [jvm.dll+0x8aa9ce]
V  [jvm.dll+0x8ab0b3]
V  [jvm.dll+0x27f8a6]
V  [jvm.dll+0xc507d]
V  [jvm.dll+0xc55b3]
V  [jvm.dll+0x3b68f2]
V  [jvm.dll+0x382aa5]
V  [jvm.dll+0x381f0a]
V  [jvm.dll+0x247af0]
V  [jvm.dll+0x2470cf]
V  [jvm.dll+0x1c760e]
V  [jvm.dll+0x25695a]
V  [jvm.dll+0x254efa]
V  [jvm.dll+0x3f03f6]
V  [jvm.dll+0x851f6b]
V  [jvm.dll+0x6cc7dd]
C  [ucrtbase.dll+0x37b0]
C  [KERNEL32.DLL+0x2e8d7]
C  [ntdll.dll+0x3c34c]


---------------  P R O C E S S  ---------------

Threads class SMR info:
_java_thread_list=0x000002257b6ae370, length=56, elements={
0x0000022519a0d690, 0x0000022519acb120, 0x0000022519ace830, 0x0000022519986030,
0x0000022519986c80, 0x00000225199878d0, 0x000002251998a330, 0x000002251998f580,
0x00000225770344a0, 0x00000225770be6d0, 0x0000022577322cf0, 0x0000022577a911b0,
0x0000022577d7dee0, 0x0000022577a87160, 0x0000022577a877c0, 0x0000022578048fa0,
0x00000225781ebfd0, 0x0000022577a84610, 0x0000022577a81190, 0x0000022577a82bd0,
0x0000022577a83260, 0x0000022577a82540, 0x0000022577a83f80, 0x0000022579380a10,
0x0000022579380380, 0x0000022579381730, 0x000002257937efd0, 0x0000022579381dc0,
0x00000225793810a0, 0x000002257937e940, 0x0000022579382450, 0x0000022579382ae0,
0x000002257937f660, 0x0000022579383170, 0x000002257937fcf0, 0x0000022579385f60,
0x0000022579383800, 0x0000022579383e90, 0x00000225793858d0, 0x0000022579385240,
0x0000022577a838f0, 0x000002257736dd70, 0x000002257736af80, 0x000002257736c9c0,
0x000002257736c330, 0x000002257736d050, 0x000002257736b610, 0x000002257736bca0,
0x000002257736d6e0, 0x000002257736a8f0, 0x0000022577370b60, 0x0000022577371880,
0x000002257736ea90, 0x000002257736fe40, 0x000002257736e400, 0x00000225795352d0
}

Java Threads: ( => current thread )
  0x0000022519a0d690 JavaThread "main"                              [_thread_blocked, id=28668, stack(0x0000007517200000,0x0000007517300000) (1024K)]
  0x0000022519acb120 JavaThread "Reference Handler"          daemon [_thread_blocked, id=8272, stack(0x0000007517600000,0x0000007517700000) (1024K)]
  0x0000022519ace830 JavaThread "Finalizer"                  daemon [_thread_blocked, id=58200, stack(0x0000007517700000,0x0000007517800000) (1024K)]
  0x0000022519986030 JavaThread "Signal Dispatcher"          daemon [_thread_blocked, id=44164, stack(0x0000007517800000,0x0000007517900000) (1024K)]
  0x0000022519986c80 JavaThread "Attach Listener"            daemon [_thread_blocked, id=58248, stack(0x0000007517900000,0x0000007517a00000) (1024K)]
  0x00000225199878d0 JavaThread "Service Thread"             daemon [_thread_blocked, id=19996, stack(0x0000007517a00000,0x0000007517b00000) (1024K)]
  0x000002251998a330 JavaThread "Monitor Deflation Thread"   daemon [_thread_blocked, id=24476, stack(0x0000007517b00000,0x0000007517c00000) (1024K)]
  0x000002251998f580 JavaThread "C2 CompilerThread0"         daemon [_thread_blocked, id=53292, stack(0x0000007517c00000,0x0000007517d00000) (1024K)]
  0x00000225770344a0 JavaThread "C1 CompilerThread0"         daemon [_thread_blocked, id=38444, stack(0x0000007517d00000,0x0000007517e00000) (1024K)]
  0x00000225770be6d0 JavaThread "Common-Cleaner"             daemon [_thread_blocked, id=60076, stack(0x0000007517e00000,0x0000007517f00000) (1024K)]
  0x0000022577322cf0 JavaThread "Notification Thread"        daemon [_thread_blocked, id=3036, stack(0x0000007517f00000,0x0000007518000000) (1024K)]
  0x0000022577a911b0 JavaThread "Active Thread: Equinox Container: 482ecd1d-4dba-414e-9626-b12cf3f66195"        [_thread_blocked, id=54360, stack(0x0000007518800000,0x0000007518900000) (1024K)]
  0x0000022577d7dee0 JavaThread "Refresh Thread: Equinox Container: 482ecd1d-4dba-414e-9626-b12cf3f66195" daemon [_thread_blocked, id=60264, stack(0x0000007518700000,0x0000007518800000) (1024K)]
  0x0000022577a87160 JavaThread "Framework Event Dispatcher: Equinox Container: 482ecd1d-4dba-414e-9626-b12cf3f66195" daemon [_thread_blocked, id=8840, stack(0x0000007518900000,0x0000007518a00000) (1024K)]
  0x0000022577a877c0 JavaThread "Start Level: Equinox Container: 482ecd1d-4dba-414e-9626-b12cf3f66195" daemon [_thread_blocked, id=14168, stack(0x0000007518a00000,0x0000007518b00000) (1024K)]
  0x0000022578048fa0 JavaThread "Bundle File Closer"         daemon [_thread_blocked, id=5668, stack(0x0000007518b00000,0x0000007518c00000) (1024K)]
  0x00000225781ebfd0 JavaThread "SCR Component Actor"        daemon [_thread_blocked, id=60500, stack(0x0000007518c00000,0x0000007518d00000) (1024K)]
  0x0000022577a84610 JavaThread "Worker-JM"                         [_thread_blocked, id=4168, stack(0x0000007518e00000,0x0000007518f00000) (1024K)]
  0x0000022577a81190 JavaThread "JNA Cleaner"                daemon [_thread_blocked, id=15988, stack(0x0000007518f00000,0x0000007519000000) (1024K)]
  0x0000022577a82bd0 JavaThread "Worker-0"                          [_thread_blocked, id=60412, stack(0x0000007519000000,0x0000007519100000) (1024K)]
  0x0000022577a83260 JavaThread "Worker-1: Java indexing... "        [_thread_blocked, id=8992, stack(0x0000007519100000,0x0000007519200000) (1024K)]
  0x0000022577a82540 JavaThread "Worker-2"                          [_thread_blocked, id=51420, stack(0x0000007519200000,0x0000007519300000) (1024K)]
  0x0000022577a83f80 JavaThread "Worker-3"                          [_thread_blocked, id=16792, stack(0x0000007519400000,0x0000007519500000) (1024K)]
  0x0000022579380a10 JavaThread "Java indexing"              daemon [_thread_blocked, id=54044, stack(0x0000007519500000,0x0000007519600000) (1024K)]
  0x0000022579380380 JavaThread "Worker-4"                          [_thread_blocked, id=52920, stack(0x0000007519900000,0x0000007519a00000) (1024K)]
  0x0000022579381730 JavaThread "Thread-2"                   daemon [_thread_in_native, id=19964, stack(0x0000007519a00000,0x0000007519b00000) (1024K)]
  0x000002257937efd0 JavaThread "Thread-3"                   daemon [_thread_in_native, id=43872, stack(0x0000007519b00000,0x0000007519c00000) (1024K)]
  0x0000022579381dc0 JavaThread "Thread-4"                   daemon [_thread_in_native, id=20516, stack(0x0000007519c00000,0x0000007519d00000) (1024K)]
  0x00000225793810a0 JavaThread "Thread-5"                   daemon [_thread_in_native, id=54432, stack(0x0000007519d00000,0x0000007519e00000) (1024K)]
  0x000002257937e940 JavaThread "Thread-6"                   daemon [_thread_in_native, id=44412, stack(0x0000007519e00000,0x0000007519f00000) (1024K)]
  0x0000022579382450 JavaThread "Thread-7"                   daemon [_thread_in_native, id=24468, stack(0x0000007519f00000,0x000000751a000000) (1024K)]
  0x0000022579382ae0 JavaThread "Thread-8"                   daemon [_thread_in_native, id=40368, stack(0x000000751a000000,0x000000751a100000) (1024K)]
  0x000002257937f660 JavaThread "Thread-9"                   daemon [_thread_in_native, id=8572, stack(0x000000751a100000,0x000000751a200000) (1024K)]
  0x0000022579383170 JavaThread "Thread-10"                  daemon [_thread_in_native, id=13844, stack(0x000000751a200000,0x000000751a300000) (1024K)]
  0x000002257937fcf0 JavaThread "Worker-5: Initialize Workspace"        [_thread_blocked, id=37008, stack(0x000000751a300000,0x000000751a400000) (1024K)]
  0x0000022579385f60 JavaThread "pool-2-thread-1"                   [_thread_blocked, id=42520, stack(0x000000751a400000,0x000000751a500000) (1024K)]
  0x0000022579383800 JavaThread "WorkspaceEventsHandler"            [_thread_blocked, id=31548, stack(0x000000751a500000,0x000000751a600000) (1024K)]
  0x0000022579383e90 JavaThread "pool-1-thread-1"                   [_thread_blocked, id=32016, stack(0x000000751a600000,0x000000751a700000) (1024K)]
  0x00000225793858d0 JavaThread "LocalFile Deleter"          daemon [_thread_blocked, id=14540, stack(0x0000007518d00000,0x0000007518e00000) (1024K)]
  0x0000022579385240 JavaThread "LocalFile Deleter"          daemon [_thread_blocked, id=47932, stack(0x0000007519300000,0x0000007519400000) (1024K)]
  0x0000022577a838f0 JavaThread "LocalFile Deleter"          daemon [_thread_blocked, id=2056, stack(0x0000007519600000,0x0000007519700000) (1024K)]
  0x000002257736dd70 JavaThread "LocalFile Deleter"          daemon [_thread_blocked, id=7816, stack(0x000000751a700000,0x000000751a800000) (1024K)]
  0x000002257736af80 JavaThread "LocalFile Deleter"          daemon [_thread_blocked, id=21816, stack(0x000000751a800000,0x000000751a900000) (1024K)]
  0x000002257736c9c0 JavaThread "LocalFile Deleter"          daemon [_thread_blocked, id=5688, stack(0x000000751a900000,0x000000751aa00000) (1024K)]
  0x000002257736c330 JavaThread "LocalFile Deleter"          daemon [_thread_blocked, id=61088, stack(0x000000751aa00000,0x000000751ab00000) (1024K)]
  0x000002257736d050 JavaThread "LocalFile Deleter"          daemon [_thread_blocked, id=19248, stack(0x000000751ab00000,0x000000751ac00000) (1024K)]
  0x000002257736b610 JavaThread "Compiler Source File Reader" daemon [_thread_blocked, id=14312, stack(0x000000751ac00000,0x000000751ad00000) (1024K)]
  0x000002257736bca0 JavaThread "Compiler Source File Reader" daemon [_thread_blocked, id=45688, stack(0x000000751ad00000,0x000000751ae00000) (1024K)]
  0x000002257736d6e0 JavaThread "Compiler Source File Reader" daemon [_thread_blocked, id=13364, stack(0x000000751ae00000,0x000000751af00000) (1024K)]
  0x000002257736a8f0 JavaThread "Compiler Processing Task"   daemon [_thread_blocked, id=34436, stack(0x000000751b000000,0x000000751b100000) (1024K)]
  0x0000022577370b60 JavaThread "Compiler Class File Writer" daemon [_thread_blocked, id=15108, stack(0x000000751b100000,0x000000751b200000) (1024K)]
  0x0000022577371880 JavaThread "Compiler Class File Writer" daemon [_thread_blocked, id=20720, stack(0x000000751b200000,0x000000751b300000) (1024K)]
  0x000002257736ea90 JavaThread "Compiler Class File Writer" daemon [_thread_blocked, id=11288, stack(0x000000751b300000,0x000000751b400000) (1024K)]
  0x000002257736fe40 JavaThread "Timer-0"                           [_thread_blocked, id=55320, stack(0x000000751b400000,0x000000751b500000) (1024K)]
  0x000002257736e400 JavaThread "Connection worker"                 [_thread_blocked, id=11756, stack(0x000000751af00000,0x000000751b000000) (1024K)]
=>0x00000225795352d0 JavaThread "C2 CompilerThread1"         daemon [_thread_in_native, id=33352, stack(0x000000751b500000,0x000000751b600000) (1024K)]
Total: 56

Other Threads:
  0x0000022519aaf7d0 VMThread "VM Thread"                           [id=34388, stack(0x0000007517500000,0x0000007517600000) (1024K)]
  0x0000022519a794d0 WatcherThread "VM Periodic Task Thread"        [id=46244, stack(0x0000007517400000,0x0000007517500000) (1024K)]
  0x0000022519a2ba80 WorkerThread "GC Thread#0"                     [id=55188, stack(0x0000007517300000,0x0000007517400000) (1024K)]
  0x00000225779a5c40 WorkerThread "GC Thread#1"                     [id=38560, stack(0x0000007518000000,0x0000007518100000) (1024K)]
  0x00000225779a5fe0 WorkerThread "GC Thread#2"                     [id=54764, stack(0x0000007518100000,0x0000007518200000) (1024K)]
  0x00000225779a6380 WorkerThread "GC Thread#3"                     [id=11752, stack(0x0000007518200000,0x0000007518300000) (1024K)]
  0x00000225779a6720 WorkerThread "GC Thread#4"                     [id=17964, stack(0x0000007518300000,0x0000007518400000) (1024K)]
  0x0000022577802860 WorkerThread "GC Thread#5"                     [id=46824, stack(0x0000007518400000,0x0000007518500000) (1024K)]
  0x0000022577802c00 WorkerThread "GC Thread#6"                     [id=28180, stack(0x0000007518500000,0x0000007518600000) (1024K)]
  0x000002257796d9d0 WorkerThread "GC Thread#7"                     [id=42800, stack(0x0000007518600000,0x0000007518700000) (1024K)]
Total: 10

Threads with active compile tasks:
C2 CompilerThread0  29168 7966       4       jdk.internal.jimage.ImageBufferCache::releaseBuffer (71 bytes)
C1 CompilerThread0  29168 7970       3       org.eclipse.jdt.core.Signature::encodeTypeSignature (908 bytes)
C2 CompilerThread1  29168 7952   !   4       org.eclipse.jdt.internal.core.search.indexing.BinaryIndexer::indexDocument (1168 bytes)
Total: 3

VM state: at safepoint (normal execution)

VM Mutex/Monitor currently owned by a thread:  ([mutex/lock_event])
[0x00007ffddaace308] Threads_lock - owner thread: 0x0000022519aaf7d0
[0x00007ffddaace408] Heap_lock - owner thread: 0x000002257736e400
[0x00007ffddaace888] PSOldGenExpand_lock - owner thread: 0x00000225779a6720

Heap address: 0x0000000080000000, size: 2048 MB, Compressed Oops mode: 32-bit

CDS archive(s) mapped at: [0x0000022531000000-0x0000022531ba0000-0x0000022531ba0000), size 12189696, SharedBaseAddress: 0x0000022531000000, ArchiveRelocationMode: 1.
Compressed class space mapped at: 0x0000022532000000-0x0000022572000000, reserved size: 1073741824
Narrow klass base: 0x0000022531000000, Narrow klass shift: 0, Narrow klass range: 0x100000000

GC Precious Log:
 CardTable entry size: 512
 CPUs: 8 total, 8 available
 Memory: 24315M
 Large Page Support: Disabled
 NUMA Support: Disabled
 Compressed Oops: Enabled (32-bit)
 Alignments: Space 512K, Generation 512K, Heap 2M
 Heap Min Capacity: 100M
 Heap Initial Capacity: 100M
 Heap Max Capacity: 2G
 Pre-touch: Disabled
 Parallel Workers: 8

Heap:
 PSYoungGen      total 20992K, used 20692K [0x00000000d5580000, 0x00000000d7100000, 0x0000000100000000)
  eden space 17408K, 100% used [0x00000000d5580000,0x00000000d6680000,0x00000000d6680000)
  from space 3584K, 91% used [0x00000000d6d80000,0x00000000d70b5228,0x00000000d7100000)
  to   space 3584K, 23% used [0x00000000d6a00000,0x00000000d6ad1290,0x00000000d6d80000)
 ParOldGen       total 72192K, used 72187K [0x0000000080000000, 0x0000000084680000, 0x00000000d5580000)
  object space 72192K, 99% used [0x0000000080000000,0x000000008467ece0,0x0000000084680000)
 Metaspace       used 59457K, committed 60736K, reserved 1114112K
  class space    used 6496K, committed 7040K, reserved 1048576K

Card table byte_map: [0x00000225193b0000,0x00000225197c0000] _byte_map_base: 0x0000022518fb0000

Marking Bits: (ParMarkBitMap*) 0x00007ffddaad31f0
 Begin Bits: [0x000002252beb0000, 0x000002252deb0000)
 End Bits:   [0x000002252deb0000, 0x000002252feb0000)

Polling page: 0x0000022517860000

Metaspace:

Usage:
  Non-class:     51.72 MB used.
      Class:      6.34 MB used.
       Both:     58.06 MB used.

Virtual space:
  Non-class space:       64.00 MB reserved,      52.44 MB ( 82%) committed,  1 nodes.
      Class space:        1.00 GB reserved,       6.88 MB ( <1%) committed,  1 nodes.
             Both:        1.06 GB reserved,      59.31 MB (  5%) committed. 

Chunk freelists:
   Non-Class:  10.95 MB
       Class:  9.14 MB
        Both:  20.09 MB

MaxMetaspaceSize: unlimited
CompressedClassSpaceSize: 1.00 GB
Initial GC threshold: 21.00 MB
Current GC threshold: 98.12 MB
CDS: on
 - commit_granule_bytes: 65536.
 - commit_granule_words: 8192.
 - virtual_space_node_default_size: 8388608.
 - enlarge_chunks_in_place: 1.
 - use_allocation_guard: 0.


Internal statistics:

num_allocs_failed_limit: 15.
num_arena_births: 964.
num_arena_deaths: 18.
num_vsnodes_births: 2.
num_vsnodes_deaths: 0.
num_space_committed: 949.
num_space_uncommitted: 0.
num_chunks_returned_to_freelist: 34.
num_chunks_taken_from_freelist: 3608.
num_chunk_merges: 19.
num_chunk_splits: 2317.
num_chunks_enlarged: 1399.
num_inconsistent_stats: 0.

CodeHeap 'non-profiled nmethods': size=120000Kb used=5511Kb max_used=5511Kb free=114489Kb
 bounds [0x00000225246d0000, 0x0000022524c40000, 0x000002252bc00000]
CodeHeap 'profiled nmethods': size=120000Kb used=15259Kb max_used=15699Kb free=104740Kb
 bounds [0x000002251cc00000, 0x000002251db60000, 0x0000022524130000]
CodeHeap 'non-nmethods': size=5760Kb used=1427Kb max_used=1499Kb free=4332Kb
 bounds [0x0000022524130000, 0x00000225243a0000, 0x00000225246d0000]
 total_blobs=7946 nmethods=7219 adapters=633
 compilation: enabled
              stopped_count=0, restarted_count=0
 full_count=0

Compilation events (20 events):
Event: 25.886 Thread 0x000002251998f580 7958       4       sun.nio.fs.WindowsPath::compareTo (118 bytes)
Event: 26.883 Thread 0x000002251998f580 nmethod 7958 0x0000022524c2e790 code [0x0000022524c2e980, 0x0000022524c2eea0]
Event: 26.883 Thread 0x000002251998f580 7960       4       org.eclipse.jdt.internal.core.search.indexing.BinaryIndexer::decodeReturnType (407 bytes)
Event: 26.904 Thread 0x000002251998f580 nmethod 7960 0x0000022524c2f390 code [0x0000022524c2f600, 0x0000022524c30110]
Event: 26.905 Thread 0x000002251998f580 7959       4       org.eclipse.jdt.internal.compiler.ast.TypeDeclaration::kind (58 bytes)
Event: 26.905 Thread 0x000002251998f580 nmethod 7959 0x0000022524c30710 code [0x0000022524c30880, 0x0000022524c30948]
Event: 27.052 Thread 0x00000225770344a0 7961       3       java.io.File::normalizedList (86 bytes)
Event: 27.053 Thread 0x00000225770344a0 nmethod 7961 0x000002251d1e4210 code [0x000002251d1e4420, 0x000002251d1e4ab0]
Event: 27.062 Thread 0x000002251998f580 7962       4       sun.nio.fs.WindowsPath::getParent (74 bytes)
Event: 27.074 Thread 0x00000225770344a0 7963       3       org.eclipse.jdt.internal.core.search.indexing.BinaryIndexer::removeFirstSyntheticParameter (73 bytes)
Event: 27.075 Thread 0x00000225770344a0 nmethod 7963 0x000002251d3a1290 code [0x000002251d3a1480, 0x000002251d3a1930]
Event: 27.079 Thread 0x000002251998f580 nmethod 7962 0x0000022524c30a10 code [0x0000022524c30c20, 0x0000022524c31688]
Event: 27.083 Thread 0x00000225770344a0 7964       3       org.eclipse.jdt.internal.compiler.classfmt.MethodInfo::createMethod (710 bytes)
Event: 27.086 Thread 0x00000225770344a0 nmethod 7964 0x000002251d09de90 code [0x000002251d09e360, 0x000002251d0a0f70]
Event: 27.087 Thread 0x00000225770344a0 7965       3       org.eclipse.jdt.internal.compiler.util.Util::scanClassTypeSignature (109 bytes)
Event: 27.087 Thread 0x00000225770344a0 nmethod 7965 0x000002251d0c7a10 code [0x000002251d0c7c80, 0x000002251d0c8588]
Event: 27.091 Thread 0x000002251998f580 7966       4       jdk.internal.jimage.ImageBufferCache::releaseBuffer (71 bytes)
Event: 27.101 Thread 0x00000225770344a0 7969       3       java.lang.AbstractStringBuilder::append (22 bytes)
Event: 27.101 Thread 0x00000225770344a0 nmethod 7969 0x000002251cf73810 code [0x000002251cf739c0, 0x000002251cf73b68]
Event: 27.224 Thread 0x00000225770344a0 7970       3       org.eclipse.jdt.core.Signature::encodeTypeSignature (908 bytes)

GC Heap History (20 events):
Event: 22.111 GC heap after
{Heap after GC invocations=36 (full 2):
 PSYoungGen      total 19456K, used 1876K [0x00000000d5580000, 0x00000000d6b80000, 0x0000000100000000)
  eden space 17408K, 0% used [0x00000000d5580000,0x00000000d5580000,0x00000000d6680000)
  from space 2048K, 91% used [0x00000000d6980000,0x00000000d6b55158,0x00000000d6b80000)
  to   space 2560K, 0% used [0x00000000d6680000,0x00000000d6680000,0x00000000d6900000)
 ParOldGen       total 68608K, used 46971K [0x0000000080000000, 0x0000000084300000, 0x00000000d5580000)
  object space 68608K, 68% used [0x0000000080000000,0x0000000082ddec18,0x0000000084300000)
 Metaspace       used 57113K, committed 58368K, reserved 1114112K
  class space    used 6115K, committed 6656K, reserved 1048576K
}
Event: 23.177 GC heap before
{Heap before GC invocations=37 (full 2):
 PSYoungGen      total 19456K, used 19284K [0x00000000d5580000, 0x00000000d6b80000, 0x0000000100000000)
  eden space 17408K, 100% used [0x00000000d5580000,0x00000000d6680000,0x00000000d6680000)
  from space 2048K, 91% used [0x00000000d6980000,0x00000000d6b55158,0x00000000d6b80000)
  to   space 2560K, 0% used [0x00000000d6680000,0x00000000d6680000,0x00000000d6900000)
 ParOldGen       total 68608K, used 46971K [0x0000000080000000, 0x0000000084300000, 0x00000000d5580000)
  object space 68608K, 68% used [0x0000000080000000,0x0000000082ddec18,0x0000000084300000)
 Metaspace       used 57644K, committed 58880K, reserved 1114112K
  class space    used 6213K, committed 6784K, reserved 1048576K
}
Event: 23.182 GC heap after
{Heap after GC invocations=37 (full 2):
 PSYoungGen      total 19968K, used 2554K [0x00000000d5580000, 0x00000000d7e80000, 0x0000000100000000)
  eden space 17408K, 0% used [0x00000000d5580000,0x00000000d5580000,0x00000000d6680000)
  from space 2560K, 99% used [0x00000000d6680000,0x00000000d68fe9c8,0x00000000d6900000)
  to   space 12288K, 0% used [0x00000000d7280000,0x00000000d7280000,0x00000000d7e80000)
 ParOldGen       total 68608K, used 55150K [0x0000000080000000, 0x0000000084300000, 0x00000000d5580000)
  object space 68608K, 80% used [0x0000000080000000,0x00000000835dba90,0x0000000084300000)
 Metaspace       used 57644K, committed 58880K, reserved 1114112K
  class space    used 6213K, committed 6784K, reserved 1048576K
}
Event: 23.766 GC heap before
{Heap before GC invocations=38 (full 2):
 PSYoungGen      total 19968K, used 19962K [0x00000000d5580000, 0x00000000d7e80000, 0x0000000100000000)
  eden space 17408K, 100% used [0x00000000d5580000,0x00000000d6680000,0x00000000d6680000)
  from space 2560K, 99% used [0x00000000d6680000,0x00000000d68fe9c8,0x00000000d6900000)
  to   space 12288K, 0% used [0x00000000d7280000,0x00000000d7280000,0x00000000d7e80000)
 ParOldGen       total 68608K, used 55150K [0x0000000080000000, 0x0000000084300000, 0x00000000d5580000)
  object space 68608K, 80% used [0x0000000080000000,0x00000000835dba90,0x0000000084300000)
 Metaspace       used 58941K, committed 60160K, reserved 1114112K
  class space    used 6434K, committed 6976K, reserved 1048576K
}
Event: 23.768 GC heap after
{Heap after GC invocations=38 (full 2):
 PSYoungGen      total 18944K, used 1441K [0x00000000d5580000, 0x00000000d7400000, 0x0000000100000000)
  eden space 17408K, 0% used [0x00000000d5580000,0x00000000d5580000,0x00000000d6680000)
  from space 1536K, 93% used [0x00000000d7280000,0x00000000d73e8770,0x00000000d7400000)
  to   space 5120K, 0% used [0x00000000d6a00000,0x00000000d6a00000,0x00000000d6f00000)
 ParOldGen       total 68608K, used 57679K [0x0000000080000000, 0x0000000084300000, 0x00000000d5580000)
  object space 68608K, 84% used [0x0000000080000000,0x0000000083853e18,0x0000000084300000)
 Metaspace       used 58941K, committed 60160K, reserved 1114112K
  class space    used 6434K, committed 6976K, reserved 1048576K
}
Event: 24.058 GC heap before
{Heap before GC invocations=39 (full 2):
 PSYoungGen      total 18944K, used 7936K [0x00000000d5580000, 0x00000000d7400000, 0x0000000100000000)
  eden space 17408K, 37% used [0x00000000d5580000,0x00000000d5bd7c60,0x00000000d6680000)
  from space 1536K, 93% used [0x00000000d7280000,0x00000000d73e8770,0x00000000d7400000)
  to   space 5120K, 0% used [0x00000000d6a00000,0x00000000d6a00000,0x00000000d6f00000)
 ParOldGen       total 68608K, used 57679K [0x0000000080000000, 0x0000000084300000, 0x00000000d5580000)
  object space 68608K, 84% used [0x0000000080000000,0x0000000083853e18,0x0000000084300000)
 Metaspace       used 59037K, committed 60288K, reserved 1114112K
  class space    used 6445K, committed 6976K, reserved 1048576K
}
Event: 24.061 GC heap after
{Heap after GC invocations=39 (full 2):
 PSYoungGen      total 22528K, used 800K [0x00000000d5580000, 0x00000000d7300000, 0x0000000100000000)
  eden space 17408K, 0% used [0x00000000d5580000,0x00000000d5580000,0x00000000d6680000)
  from space 5120K, 15% used [0x00000000d6a00000,0x00000000d6ac8000,0x00000000d6f00000)
  to   space 2048K, 0% used [0x00000000d7100000,0x00000000d7100000,0x00000000d7300000)
 ParOldGen       total 68608K, used 59041K [0x0000000080000000, 0x0000000084300000, 0x00000000d5580000)
  object space 68608K, 86% used [0x0000000080000000,0x00000000839a8760,0x0000000084300000)
 Metaspace       used 59037K, committed 60288K, reserved 1114112K
  class space    used 6445K, committed 6976K, reserved 1048576K
}
Event: 24.061 GC heap before
{Heap before GC invocations=40 (full 3):
 PSYoungGen      total 22528K, used 800K [0x00000000d5580000, 0x00000000d7300000, 0x0000000100000000)
  eden space 17408K, 0% used [0x00000000d5580000,0x00000000d5580000,0x00000000d6680000)
  from space 5120K, 15% used [0x00000000d6a00000,0x00000000d6ac8000,0x00000000d6f00000)
  to   space 2048K, 0% used [0x00000000d7100000,0x00000000d7100000,0x00000000d7300000)
 ParOldGen       total 68608K, used 59041K [0x0000000080000000, 0x0000000084300000, 0x00000000d5580000)
  object space 68608K, 86% used [0x0000000080000000,0x00000000839a8760,0x0000000084300000)
 Metaspace       used 59037K, committed 60288K, reserved 1114112K
  class space    used 6445K, committed 6976K, reserved 1048576K
}
Event: 24.153 GC heap after
{Heap after GC invocations=40 (full 3):
 PSYoungGen      total 22528K, used 0K [0x00000000d5580000, 0x00000000d7300000, 0x0000000100000000)
  eden space 17408K, 0% used [0x00000000d5580000,0x00000000d5580000,0x00000000d6680000)
  from space 5120K, 0% used [0x00000000d6a00000,0x00000000d6a00000,0x00000000d6f00000)
  to   space 2048K, 0% used [0x00000000d7100000,0x00000000d7100000,0x00000000d7300000)
 ParOldGen       total 68608K, used 54241K [0x0000000080000000, 0x0000000084300000, 0x00000000d5580000)
  object space 68608K, 79% used [0x0000000080000000,0x00000000834f8750,0x0000000084300000)
 Metaspace       used 59037K, committed 60288K, reserved 1114112K
  class space    used 6445K, committed 6976K, reserved 1048576K
}
Event: 24.683 GC heap before
{Heap before GC invocations=41 (full 3):
 PSYoungGen      total 22528K, used 17408K [0x00000000d5580000, 0x00000000d7300000, 0x0000000100000000)
  eden space 17408K, 100% used [0x00000000d5580000,0x00000000d6680000,0x00000000d6680000)
  from space 5120K, 0% used [0x00000000d6a00000,0x00000000d6a00000,0x00000000d6f00000)
  to   space 2048K, 0% used [0x00000000d7100000,0x00000000d7100000,0x00000000d7300000)
 ParOldGen       total 68608K, used 54241K [0x0000000080000000, 0x0000000084300000, 0x00000000d5580000)
  object space 68608K, 79% used [0x0000000080000000,0x00000000834f8750,0x0000000084300000)
 Metaspace       used 59429K, committed 60736K, reserved 1114112K
  class space    used 6495K, committed 7040K, reserved 1048576K
}
Event: 24.684 GC heap after
{Heap after GC invocations=41 (full 3):
 PSYoungGen      total 18944K, used 1408K [0x00000000d5580000, 0x00000000d7280000, 0x0000000100000000)
  eden space 17408K, 0% used [0x00000000d5580000,0x00000000d5580000,0x00000000d6680000)
  from space 1536K, 91% used [0x00000000d7100000,0x00000000d7260000,0x00000000d7280000)
  to   space 2048K, 0% used [0x00000000d6e80000,0x00000000d6e80000,0x00000000d7080000)
 ParOldGen       total 68608K, used 54249K [0x0000000080000000, 0x0000000084300000, 0x00000000d5580000)
  object space 68608K, 79% used [0x0000000080000000,0x00000000834fa750,0x0000000084300000)
 Metaspace       used 59429K, committed 60736K, reserved 1114112K
  class space    used 6495K, committed 7040K, reserved 1048576K
}
Event: 24.839 GC heap before
{Heap before GC invocations=42 (full 3):
 PSYoungGen      total 18944K, used 18814K [0x00000000d5580000, 0x00000000d7280000, 0x0000000100000000)
  eden space 17408K, 99% used [0x00000000d5580000,0x00000000d667faa0,0x00000000d6680000)
  from space 1536K, 91% used [0x00000000d7100000,0x00000000d7260000,0x00000000d7280000)
  to   space 2048K, 0% used [0x00000000d6e80000,0x00000000d6e80000,0x00000000d7080000)
 ParOldGen       total 68608K, used 54249K [0x0000000080000000, 0x0000000084300000, 0x00000000d5580000)
  object space 68608K, 79% used [0x0000000080000000,0x00000000834fa750,0x0000000084300000)
 Metaspace       used 59444K, committed 60736K, reserved 1114112K
  class space    used 6496K, committed 7040K, reserved 1048576K
}
Event: 24.841 GC heap after
{Heap after GC invocations=42 (full 3):
 PSYoungGen      total 19456K, used 2045K [0x00000000d5580000, 0x00000000d7180000, 0x0000000100000000)
  eden space 17408K, 0% used [0x00000000d5580000,0x00000000d5580000,0x00000000d6680000)
  from space 2048K, 99% used [0x00000000d6e80000,0x00000000d707f678,0x00000000d7080000)
  to   space 1024K, 0% used [0x00000000d7080000,0x00000000d7080000,0x00000000d7180000)
 ParOldGen       total 68608K, used 56832K [0x0000000080000000, 0x0000000084300000, 0x00000000d5580000)
  object space 68608K, 82% used [0x0000000080000000,0x00000000837802f8,0x0000000084300000)
 Metaspace       used 59444K, committed 60736K, reserved 1114112K
  class space    used 6496K, committed 7040K, reserved 1048576K
}
Event: 25.217 GC heap before
{Heap before GC invocations=43 (full 3):
 PSYoungGen      total 19456K, used 19081K [0x00000000d5580000, 0x00000000d7180000, 0x0000000100000000)
  eden space 17408K, 97% used [0x00000000d5580000,0x00000000d6622f38,0x00000000d6680000)
  from space 2048K, 99% used [0x00000000d6e80000,0x00000000d707f678,0x00000000d7080000)
  to   space 1024K, 0% used [0x00000000d7080000,0x00000000d7080000,0x00000000d7180000)
 ParOldGen       total 68608K, used 56832K [0x0000000080000000, 0x0000000084300000, 0x00000000d5580000)
  object space 68608K, 82% used [0x0000000080000000,0x00000000837802f8,0x0000000084300000)
 Metaspace       used 59447K, committed 60736K, reserved 1114112K
  class space    used 6496K, committed 7040K, reserved 1048576K
}
Event: 25.219 GC heap after
{Heap after GC invocations=43 (full 3):
 PSYoungGen      total 18432K, used 998K [0x00000000d5580000, 0x00000000d7180000, 0x0000000100000000)
  eden space 17408K, 0% used [0x00000000d5580000,0x00000000d5580000,0x00000000d6680000)
  from space 1024K, 97% used [0x00000000d7080000,0x00000000d7179ad0,0x00000000d7180000)
  to   space 5120K, 0% used [0x00000000d6780000,0x00000000d6780000,0x00000000d6c80000)
 ParOldGen       total 68608K, used 60517K [0x0000000080000000, 0x0000000084300000, 0x00000000d5580000)
  object space 68608K, 88% used [0x0000000080000000,0x0000000083b19418,0x0000000084300000)
 Metaspace       used 59447K, committed 60736K, reserved 1114112K
  class space    used 6496K, committed 7040K, reserved 1048576K
}
Event: 25.652 GC heap before
{Heap before GC invocations=44 (full 3):
 PSYoungGen      total 18432K, used 18406K [0x00000000d5580000, 0x00000000d7180000, 0x0000000100000000)
  eden space 17408K, 100% used [0x00000000d5580000,0x00000000d6680000,0x00000000d6680000)
  from space 1024K, 97% used [0x00000000d7080000,0x00000000d7179ad0,0x00000000d7180000)
  to   space 5120K, 0% used [0x00000000d6780000,0x00000000d6780000,0x00000000d6c80000)
 ParOldGen       total 68608K, used 60517K [0x0000000080000000, 0x0000000084300000, 0x00000000d5580000)
  object space 68608K, 88% used [0x0000000080000000,0x0000000083b19418,0x0000000084300000)
 Metaspace       used 59451K, committed 60736K, reserved 1114112K
  class space    used 6496K, committed 7040K, reserved 1048576K
}
Event: 25.655 GC heap after
{Heap after GC invocations=44 (full 3):
 PSYoungGen      total 22528K, used 2722K [0x00000000d5580000, 0x00000000d7100000, 0x0000000100000000)
  eden space 17408K, 0% used [0x00000000d5580000,0x00000000d5580000,0x00000000d6680000)
  from space 5120K, 53% used [0x00000000d6780000,0x00000000d6a28b48,0x00000000d6c80000)
  to   space 3584K, 0% used [0x00000000d6d80000,0x00000000d6d80000,0x00000000d7100000)
 ParOldGen       total 68608K, used 61514K [0x0000000080000000, 0x0000000084300000, 0x00000000d5580000)
  object space 68608K, 89% used [0x0000000080000000,0x0000000083c128e0,0x0000000084300000)
 Metaspace       used 59451K, committed 60736K, reserved 1114112K
  class space    used 6496K, committed 7040K, reserved 1048576K
}
Event: 27.047 GC heap before
{Heap before GC invocations=45 (full 3):
 PSYoungGen      total 22528K, used 20130K [0x00000000d5580000, 0x00000000d7100000, 0x0000000100000000)
  eden space 17408K, 100% used [0x00000000d5580000,0x00000000d6680000,0x00000000d6680000)
  from space 5120K, 53% used [0x00000000d6780000,0x00000000d6a28b48,0x00000000d6c80000)
  to   space 3584K, 0% used [0x00000000d6d80000,0x00000000d6d80000,0x00000000d7100000)
 ParOldGen       total 69632K, used 69121K [0x0000000080000000, 0x0000000084400000, 0x00000000d5580000)
  object space 69632K, 99% used [0x0000000080000000,0x00000000843806e0,0x0000000084400000)
 Metaspace       used 59452K, committed 60736K, reserved 1114112K
  class space    used 6496K, committed 7040K, reserved 1048576K
}
Event: 27.051 GC heap after
{Heap after GC invocations=45 (full 3):
 PSYoungGen      total 20992K, used 3284K [0x00000000d5580000, 0x00000000d7100000, 0x0000000100000000)
  eden space 17408K, 0% used [0x00000000d5580000,0x00000000d5580000,0x00000000d6680000)
  from space 3584K, 91% used [0x00000000d6d80000,0x00000000d70b5228,0x00000000d7100000)
  to   space 3584K, 0% used [0x00000000d6a00000,0x00000000d6a00000,0x00000000d6d80000)
 ParOldGen       total 71680K, used 71637K [0x0000000080000000, 0x0000000084600000, 0x00000000d5580000)
  object space 71680K, 99% used [0x0000000080000000,0x00000000845f5530,0x0000000084600000)
 Metaspace       used 59452K, committed 60736K, reserved 1114112K
  class space    used 6496K, committed 7040K, reserved 1048576K
}
Event: 28.126 GC heap before
{Heap before GC invocations=46 (full 3):
 PSYoungGen      total 20992K, used 20692K [0x00000000d5580000, 0x00000000d7100000, 0x0000000100000000)
  eden space 17408K, 100% used [0x00000000d5580000,0x00000000d6680000,0x00000000d6680000)
  from space 3584K, 91% used [0x00000000d6d80000,0x00000000d70b5228,0x00000000d7100000)
  to   space 3584K, 0% used [0x00000000d6a00000,0x00000000d6a00000,0x00000000d6d80000)
 ParOldGen       total 71680K, used 71643K [0x0000000080000000, 0x0000000084600000, 0x00000000d5580000)
  object space 71680K, 99% used [0x0000000080000000,0x00000000845f6d50,0x0000000084600000)
 Metaspace       used 59457K, committed 60736K, reserved 1114112K
  class space    used 6496K, committed 7040K, reserved 1048576K
}

Dll operation events (11 events):
Event: 0.034 Loaded shared library c:\Users\lauta\.vscode\extensions\redhat.java-1.43.1-win32-x64\jre\21.0.7-win32-x86_64\bin\java.dll
Event: 0.216 Loaded shared library c:\Users\lauta\.vscode\extensions\redhat.java-1.43.1-win32-x64\jre\21.0.7-win32-x86_64\bin\zip.dll
Event: 0.250 Loaded shared library C:\Users\lauta\.vscode\extensions\redhat.java-1.43.1-win32-x64\jre\21.0.7-win32-x86_64\bin\instrument.dll
Event: 0.259 Loaded shared library C:\Users\lauta\.vscode\extensions\redhat.java-1.43.1-win32-x64\jre\21.0.7-win32-x86_64\bin\net.dll
Event: 0.262 Loaded shared library C:\Users\lauta\.vscode\extensions\redhat.java-1.43.1-win32-x64\jre\21.0.7-win32-x86_64\bin\nio.dll
Event: 0.267 Loaded shared library C:\Users\lauta\.vscode\extensions\redhat.java-1.43.1-win32-x64\jre\21.0.7-win32-x86_64\bin\zip.dll
Event: 0.376 Loaded shared library C:\Users\lauta\.vscode\extensions\redhat.java-1.43.1-win32-x64\jre\21.0.7-win32-x86_64\bin\jimage.dll
Event: 0.522 Loaded shared library c:\Users\lauta\.vscode\extensions\redhat.java-1.43.1-win32-x64\jre\21.0.7-win32-x86_64\bin\verify.dll
Event: 4.275 Loaded shared library C:\Users\lauta\AppData\Roaming\Code\User\globalStorage\redhat.java\1.43.1\config_win\org.eclipse.equinox.launcher\org.eclipse.equinox.launcher.win32.win32.x86_64_1.2.1300.v20250331-1702\eclipse_11911.dll
Event: 8.674 Loaded shared library C:\Users\lauta\AppData\Local\Temp\jna-102746125\jna566868479383344201.dll
Event: 23.515 Loaded shared library C:\Users\lauta\.gradle\native\c067742578af261105cb4f569cf0c3c89f3d7b1fecec35dd04571415982c5e48\windows-amd64\native-platform.dll

Deoptimization events (20 events):
Event: 24.719 Thread 0x000002257736e400 DEOPT PACKING pc=0x000002251d8dee26 sp=0x000000751affd0b0
Event: 24.719 Thread 0x000002257736e400 DEOPT UNPACKING pc=0x00000225241878e2 sp=0x000000751affc5a0 mode 0
Event: 24.875 Thread 0x000002257736e400 Uncommon trap: trap_request=0xffffffcc fr.pc=0x000002252476645c relative=0x00000000000019bc
Event: 24.875 Thread 0x000002257736e400 Uncommon trap: reason=intrinsic_or_type_checked_inlining action=make_not_entrant pc=0x000002252476645c method=java.util.ArrayList$SubList.toArray([Ljava/lang/Object;)[Ljava/lang/Object; @ 58 c2
Event: 24.875 Thread 0x000002257736e400 DEOPT PACKING pc=0x000002252476645c sp=0x000000751affd2f0
Event: 24.875 Thread 0x000002257736e400 DEOPT UNPACKING pc=0x0000022524186da2 sp=0x000000751affd218 mode 2
Event: 24.895 Thread 0x000002257736e400 DEOPT PACKING pc=0x000002251db1cfe7 sp=0x000000751affcd40
Event: 24.895 Thread 0x000002257736e400 DEOPT UNPACKING pc=0x00000225241878e2 sp=0x000000751affc2b0 mode 0
Event: 25.468 Thread 0x0000022579380a10 Uncommon trap: trap_request=0xffffff45 fr.pc=0x0000022524c09b9c relative=0x0000000000000a1c
Event: 25.468 Thread 0x0000022579380a10 Uncommon trap: reason=unstable_if action=reinterpret pc=0x0000022524c09b9c method=org.eclipse.jdt.internal.core.search.indexing.BinaryIndexer.decodeReturnType([C)[C @ 342 c2
Event: 25.468 Thread 0x0000022579380a10 DEOPT PACKING pc=0x0000022524c09b9c sp=0x00000075195fe700
Event: 25.468 Thread 0x0000022579380a10 DEOPT UNPACKING pc=0x0000022524186da2 sp=0x00000075195fe6a8 mode 2
Event: 25.724 Thread 0x0000022579380a10 Uncommon trap: trap_request=0xffffff5c fr.pc=0x0000022524c196e4 relative=0x0000000000007204
Event: 25.724 Thread 0x0000022579380a10 Uncommon trap: reason=speculate_null_check action=make_not_entrant pc=0x0000022524c196e4 method=org.eclipse.jdt.internal.core.search.indexing.BinaryIndexer.indexDocument()V @ 542 c2
Event: 25.724 Thread 0x0000022579380a10 DEOPT PACKING pc=0x0000022524c196e4 sp=0x00000075195fe930
Event: 25.724 Thread 0x0000022579380a10 DEOPT UNPACKING pc=0x0000022524186da2 sp=0x00000075195fe890 mode 2
Event: 27.083 Thread 0x0000022579380a10 Uncommon trap: trap_request=0xffffff45 fr.pc=0x0000022524ba4618 relative=0x0000000000000cf8
Event: 27.083 Thread 0x0000022579380a10 Uncommon trap: reason=unstable_if action=reinterpret pc=0x0000022524ba4618 method=org.eclipse.jdt.internal.compiler.classfmt.MethodInfo.createMethod([B[IIJ)Lorg/eclipse/jdt/internal/compiler/classfmt/MethodInfo; @ 352 c2
Event: 27.083 Thread 0x0000022579380a10 DEOPT PACKING pc=0x0000022524ba4618 sp=0x00000075195fe6d0
Event: 27.083 Thread 0x0000022579380a10 DEOPT UNPACKING pc=0x0000022524186da2 sp=0x00000075195fe630 mode 2

Classes loaded (20 events):
Event: 21.108 Loading class java/nio/file/PathMatcher done
Event: 21.108 Loading class sun/nio/fs/WindowsFileSystem$2 done
Event: 21.615 Loading class java/nio/file/FileChannelLinesSpliterator
Event: 21.615 Loading class java/nio/file/FileChannelLinesSpliterator done
Event: 21.616 Loading class java/util/stream/Streams$1
Event: 21.616 Loading class java/util/stream/Streams$1 done
Event: 21.616 Loading class java/nio/file/FileChannelLinesSpliterator$1
Event: 21.616 Loading class java/nio/file/FileChannelLinesSpliterator$1 done
Event: 21.813 Loading class java/util/concurrent/CopyOnWriteArraySet
Event: 21.813 Loading class java/util/concurrent/CopyOnWriteArraySet done
Event: 22.007 Loading class java/net/HttpURLConnection
Event: 22.007 Loading class java/net/HttpURLConnection done
Event: 22.021 Loading class java/io/FileFilter
Event: 22.021 Loading class java/io/FileFilter done
Event: 22.087 Loading class java/util/concurrent/ConcurrentHashMap$ValueSpliterator
Event: 22.087 Loading class java/util/concurrent/ConcurrentHashMap$ValueSpliterator done
Event: 22.089 Loading class jdk/internal/loader/BootLoader$PackageHelper
Event: 22.089 Loading class jdk/internal/loader/BootLoader$PackageHelper done
Event: 23.493 Loading class java/lang/Class$EnclosingMethodInfo
Event: 23.493 Loading class java/lang/Class$EnclosingMethodInfo done

Classes unloaded (9 events):
Event: 9.711 Thread 0x0000022519aaf7d0 Unloading class 0x00000225321a4000 'java/lang/invoke/LambdaForm$MH+0x00000225321a4000'
Event: 9.711 Thread 0x0000022519aaf7d0 Unloading class 0x00000225321a3c00 'java/lang/invoke/LambdaForm$MH+0x00000225321a3c00'
Event: 9.711 Thread 0x0000022519aaf7d0 Unloading class 0x00000225321a3800 'java/lang/invoke/LambdaForm$MH+0x00000225321a3800'
Event: 9.711 Thread 0x0000022519aaf7d0 Unloading class 0x00000225321a3400 'java/lang/invoke/LambdaForm$MH+0x00000225321a3400'
Event: 9.711 Thread 0x0000022519aaf7d0 Unloading class 0x00000225321a3000 'java/lang/invoke/LambdaForm$BMH+0x00000225321a3000'
Event: 9.711 Thread 0x0000022519aaf7d0 Unloading class 0x00000225321a2c00 'java/lang/invoke/LambdaForm$DMH+0x00000225321a2c00'
Event: 9.711 Thread 0x0000022519aaf7d0 Unloading class 0x00000225321a1800 'java/lang/invoke/LambdaForm$DMH+0x00000225321a1800'
Event: 12.296 Thread 0x0000022519aaf7d0 Unloading class 0x00000225322dd800 'java/lang/invoke/LambdaForm$MH+0x00000225322dd800'
Event: 12.296 Thread 0x0000022519aaf7d0 Unloading class 0x00000225322dc800 'java/lang/invoke/LambdaForm$MH+0x00000225322dc800'

Classes redefined (0 events):
No events

Internal exceptions (20 events):
Event: 21.532 Thread 0x000002257937fcf0 Exception <a 'sun/nio/fs/WindowsException'{0x00000000d58a4aa8}> (0x00000000d58a4aa8) 
thrown [s\src\hotspot\share\prims\jni.cpp, line 520]
Event: 21.532 Thread 0x000002257937fcf0 Exception <a 'sun/nio/fs/WindowsException'{0x00000000d58a51c0}> (0x00000000d58a51c0) 
thrown [s\src\hotspot\share\prims\jni.cpp, line 520]
Event: 21.532 Thread 0x000002257937fcf0 Exception <a 'sun/nio/fs/WindowsException'{0x00000000d58a58e0}> (0x00000000d58a58e0) 
thrown [s\src\hotspot\share\prims\jni.cpp, line 520]
Event: 21.532 Thread 0x000002257937fcf0 Exception <a 'sun/nio/fs/WindowsException'{0x00000000d58a6010}> (0x00000000d58a6010) 
thrown [s\src\hotspot\share\prims\jni.cpp, line 520]
Event: 21.533 Thread 0x000002257937fcf0 Exception <a 'sun/nio/fs/WindowsException'{0x00000000d58aaed8}> (0x00000000d58aaed8) 
thrown [s\src\hotspot\share\prims\jni.cpp, line 520]
Event: 21.533 Thread 0x000002257937fcf0 Exception <a 'sun/nio/fs/WindowsException'{0x00000000d58ab628}> (0x00000000d58ab628) 
thrown [s\src\hotspot\share\prims\jni.cpp, line 520]
Event: 21.535 Thread 0x000002257937fcf0 Exception <a 'sun/nio/fs/WindowsException'{0x00000000d58abd78}> (0x00000000d58abd78) 
thrown [s\src\hotspot\share\prims\jni.cpp, line 520]
Event: 21.535 Thread 0x000002257937fcf0 Exception <a 'sun/nio/fs/WindowsException'{0x00000000d58ac4e8}> (0x00000000d58ac4e8) 
thrown [s\src\hotspot\share\prims\jni.cpp, line 520]
Event: 21.540 Thread 0x000002257937fcf0 Exception <a 'sun/nio/fs/WindowsException'{0x00000000d58b1ab0}> (0x00000000d58b1ab0) 
thrown [s\src\hotspot\share\prims\jni.cpp, line 520]
Event: 21.541 Thread 0x000002257937fcf0 Exception <a 'sun/nio/fs/WindowsException'{0x00000000d58b21c0}> (0x00000000d58b21c0) 
thrown [s\src\hotspot\share\prims\jni.cpp, line 520]
Event: 21.542 Thread 0x000002257937fcf0 Exception <a 'sun/nio/fs/WindowsException'{0x00000000d58b28d0}> (0x00000000d58b28d0) 
thrown [s\src\hotspot\share\prims\jni.cpp, line 520]
Event: 21.562 Thread 0x000002257937fcf0 Exception <a 'sun/nio/fs/WindowsException'{0x00000000d58b2ff8}> (0x00000000d58b2ff8) 
thrown [s\src\hotspot\share\prims\jni.cpp, line 520]
Event: 21.568 Thread 0x000002257937fcf0 Exception <a 'sun/nio/fs/WindowsException'{0x00000000d58d63d8}> (0x00000000d58d63d8) 
thrown [s\src\hotspot\share\prims\jni.cpp, line 520]
Event: 21.568 Thread 0x000002257937fcf0 Exception <a 'sun/nio/fs/WindowsException'{0x00000000d58d6b28}> (0x00000000d58d6b28) 
thrown [s\src\hotspot\share\prims\jni.cpp, line 520]
Event: 21.568 Thread 0x000002257937fcf0 Exception <a 'sun/nio/fs/WindowsException'{0x00000000d58d7278}> (0x00000000d58d7278) 
thrown [s\src\hotspot\share\prims\jni.cpp, line 520]
Event: 21.569 Thread 0x000002257937fcf0 Exception <a 'sun/nio/fs/WindowsException'{0x00000000d58d79e8}> (0x00000000d58d79e8) 
thrown [s\src\hotspot\share\prims\jni.cpp, line 520]
Event: 21.653 Thread 0x0000022579380a10 Implicit null exception at 0x0000022524a8e8da to 0x0000022524a8e9d8
Event: 21.820 Thread 0x000002257937fcf0 Exception <a 'java/lang/NoSuchMethodError'{0x00000000d568bc00}: 'java.lang.Object java.lang.invoke.DirectMethodHandle$Holder.invokeVirtual(java.lang.Object, java.lang.Object, java.lang.Object, java.lang.Object)'> (0x00000000d568bc00) 
thrown [s\src\hotspot\share\interpreter\linkResolver.cpp, line 773]
Event: 21.823 Thread 0x000002257937fcf0 Exception <a 'java/lang/NoSuchMethodError'{0x00000000d56c4c70}: 'java.lang.Object java.lang.invoke.DirectMethodHandle$Holder.invokeVirtual(java.lang.Object, java.lang.Object, java.lang.Object, java.lang.Object, java.lang.Object)'> (0x00000000d56c4c70) 
thrown [s\src\hotspot\share\interpreter\linkResolver.cpp, line 773]
Event: 25.724 Thread 0x0000022579380a10 Implicit null exception at 0x0000022524c14c63 to 0x0000022524c196cc

ZGC Phase Switch (0 events):
No events

VM Operations (20 events):
Event: 23.182 Executing VM operation: ParallelGCFailedAllocation (Allocation Failure) done
Event: 23.763 Executing VM operation: ParallelGCFailedAllocation (Allocation Failure)
Event: 23.768 Executing VM operation: ParallelGCFailedAllocation (Allocation Failure) done
Event: 24.056 Executing VM operation: CollectForMetadataAllocation (Metadata GC Threshold)
Event: 24.153 Executing VM operation: CollectForMetadataAllocation (Metadata GC Threshold) done
Event: 24.682 Executing VM operation: ParallelGCFailedAllocation (Allocation Failure)
Event: 24.684 Executing VM operation: ParallelGCFailedAllocation (Allocation Failure) done
Event: 24.839 Executing VM operation: ParallelGCFailedAllocation (Allocation Failure)
Event: 24.841 Executing VM operation: ParallelGCFailedAllocation (Allocation Failure) done
Event: 25.216 Executing VM operation: ParallelGCFailedAllocation (Allocation Failure)
Event: 25.220 Executing VM operation: ParallelGCFailedAllocation (Allocation Failure) done
Event: 25.652 Executing VM operation: ParallelGCFailedAllocation (Allocation Failure)
Event: 25.655 Executing VM operation: ParallelGCFailedAllocation (Allocation Failure) done
Event: 25.940 Executing VM operation: ParallelGCFailedAllocation (Allocation Failure)
Event: 25.940 Executing VM operation: ParallelGCFailedAllocation (Allocation Failure) done
Event: 27.046 Executing VM operation: ParallelGCSystemGC (GCLocker Initiated GC)
Event: 27.051 Executing VM operation: ParallelGCSystemGC (GCLocker Initiated GC) done
Event: 27.239 Executing VM operation: ParallelGCFailedAllocation (Allocation Failure)
Event: 28.121 Executing VM operation: ParallelGCFailedAllocation (Allocation Failure) done
Event: 28.123 Executing VM operation: ParallelGCSystemGC (GCLocker Initiated GC)

Memory protections (0 events):
No events

Nmethod flushes (20 events):
Event: 24.097 Thread 0x0000022519aaf7d0 flushing  nmethod 0x000002251d4b6a90
Event: 24.097 Thread 0x0000022519aaf7d0 flushing  nmethod 0x000002251d4bba10
Event: 24.097 Thread 0x0000022519aaf7d0 flushing  nmethod 0x000002251d4c8b90
Event: 24.097 Thread 0x0000022519aaf7d0 flushing  nmethod 0x000002251d4cdf90
Event: 24.097 Thread 0x0000022519aaf7d0 flushing  nmethod 0x000002251d4e4510
Event: 24.097 Thread 0x0000022519aaf7d0 flushing  nmethod 0x000002251d4e4b10
Event: 24.097 Thread 0x0000022519aaf7d0 flushing  nmethod 0x000002251d4e5b10
Event: 24.097 Thread 0x0000022519aaf7d0 flushing  nmethod 0x000002251d4e7110
Event: 24.097 Thread 0x0000022519aaf7d0 flushing  nmethod 0x000002251d4e8590
Event: 24.097 Thread 0x0000022519aaf7d0 flushing  nmethod 0x000002251d4e8990
Event: 24.097 Thread 0x0000022519aaf7d0 flushing  nmethod 0x000002251d4e8f90
Event: 24.097 Thread 0x0000022519aaf7d0 flushing  nmethod 0x000002251d4e9390
Event: 24.097 Thread 0x0000022519aaf7d0 flushing  nmethod 0x000002251d4e9810
Event: 24.097 Thread 0x0000022519aaf7d0 flushing  nmethod 0x000002251d4f0190
Event: 24.097 Thread 0x0000022519aaf7d0 flushing  nmethod 0x000002251d4f0610
Event: 24.097 Thread 0x0000022519aaf7d0 flushing  nmethod 0x000002251d4f0a10
Event: 24.097 Thread 0x0000022519aaf7d0 flushing  nmethod 0x000002251d4f0e90
Event: 24.097 Thread 0x0000022519aaf7d0 flushing  nmethod 0x000002251d4f3d10
Event: 24.097 Thread 0x0000022519aaf7d0 flushing  nmethod 0x000002251d555990
Event: 24.097 Thread 0x0000022519aaf7d0 flushing  nmethod 0x000002251d557210

Events (20 events):
Event: 18.559 Thread 0x000002257937fcf0 Thread added: 0x000002257736d6e0
Event: 18.781 Thread 0x00000225770344a0 Thread added: 0x00000225795352d0
Event: 18.831 Thread 0x00000225770344a0 Thread added: 0x0000022579533e60
Event: 19.757 Thread 0x0000022579533e60 Thread exited: 0x0000022579533e60
Event: 20.217 Thread 0x00000225795352d0 Thread exited: 0x00000225795352d0
Event: 20.313 Thread 0x00000225770344a0 Thread added: 0x0000022579534530
Event: 20.740 Thread 0x000002257937fcf0 Thread added: 0x000002257736a8f0
Event: 20.908 Thread 0x000002257937fcf0 Thread added: 0x0000022577370b60
Event: 20.919 Thread 0x000002257937fcf0 Thread added: 0x0000022577371880
Event: 20.919 Thread 0x000002257937fcf0 Thread added: 0x000002257736ea90
Event: 21.739 Thread 0x000002257937fcf0 Thread added: 0x000002257736fe40
Event: 21.799 Thread 0x0000022579534530 Thread exited: 0x0000022579534530
Event: 21.913 Thread 0x000002257937fcf0 Thread added: 0x000002257736e400
Event: 21.930 Thread 0x000002251998f580 Thread added: 0x00000225795330c0
Event: 22.522 Thread 0x00000225795330c0 Thread exited: 0x00000225795330c0
Event: 22.635 Thread 0x00000225770344a0 Thread added: 0x00000225795329f0
Event: 22.637 Thread 0x00000225770344a0 Thread added: 0x0000022579533e60
Event: 23.107 Thread 0x0000022579533e60 Thread exited: 0x0000022579533e60
Event: 23.302 Thread 0x00000225795329f0 Thread exited: 0x00000225795329f0
Event: 24.983 Thread 0x00000225770344a0 Thread added: 0x00000225795352d0


Dynamic libraries:
0x00007ff66e440000 - 0x00007ff66e44e000 	c:\Users\lauta\.vscode\extensions\redhat.java-1.43.1-win32-x64\jre\21.0.7-win32-x86_64\bin\java.exe
0x00007ffe93ae0000 - 0x00007ffe93d47000 	C:\WINDOWS\SYSTEM32\ntdll.dll
0x00007ffe92650000 - 0x00007ffe92719000 	C:\WINDOWS\System32\KERNEL32.DLL
0x00007ffe90cb0000 - 0x00007ffe9109f000 	C:\WINDOWS\System32\KERNELBASE.dll
0x00007ffe91390000 - 0x00007ffe914db000 	C:\WINDOWS\System32\ucrtbase.dll
0x00007ffe81c80000 - 0x00007ffe81c98000 	c:\Users\lauta\.vscode\extensions\redhat.java-1.43.1-win32-x64\jre\21.0.7-win32-x86_64\bin\jli.dll
0x00007ffe93220000 - 0x00007ffe933ec000 	C:\WINDOWS\System32\USER32.dll
0x00007ffe910b0000 - 0x00007ffe910d7000 	C:\WINDOWS\System32\win32u.dll
0x00007ffe925a0000 - 0x00007ffe925cb000 	C:\WINDOWS\System32\GDI32.dll
0x00007ffe914e0000 - 0x00007ffe91618000 	C:\WINDOWS\System32\gdi32full.dll
0x00007ffe90c00000 - 0x00007ffe90ca3000 	C:\WINDOWS\System32\msvcp_win.dll
0x00007ffe80e00000 - 0x00007ffe80e1e000 	c:\Users\lauta\.vscode\extensions\redhat.java-1.43.1-win32-x64\jre\21.0.7-win32-x86_64\bin\VCRUNTIME140.dll
0x00007ffe7d1d0000 - 0x00007ffe7d46a000 	C:\WINDOWS\WinSxS\amd64_microsoft.windows.common-controls_6595b64144ccf1df_6.0.26100.4441_none_3e0ab07ce3324174\COMCTL32.dll
0x00007ffe92810000 - 0x00007ffe928b9000 	C:\WINDOWS\System32\msvcrt.dll
0x00007ffe92a30000 - 0x00007ffe92a5f000 	C:\WINDOWS\System32\IMM32.DLL
0x00007ffe82080000 - 0x00007ffe8208c000 	c:\Users\lauta\.vscode\extensions\redhat.java-1.43.1-win32-x64\jre\21.0.7-win32-x86_64\bin\vcruntime140_1.dll
0x00007ffe2ed00000 - 0x00007ffe2ed8d000 	c:\Users\lauta\.vscode\extensions\redhat.java-1.43.1-win32-x64\jre\21.0.7-win32-x86_64\bin\msvcp140.dll
0x00007ffdd9e20000 - 0x00007ffddabb0000 	c:\Users\lauta\.vscode\extensions\redhat.java-1.43.1-win32-x64\jre\21.0.7-win32-x86_64\bin\server\jvm.dll
0x00007ffe92750000 - 0x00007ffe92804000 	C:\WINDOWS\System32\ADVAPI32.dll
0x00007ffe91b10000 - 0x00007ffe91bb6000 	C:\WINDOWS\System32\sechost.dll
0x00007ffe93980000 - 0x00007ffe93a98000 	C:\WINDOWS\System32\RPCRT4.dll
0x00007ffe91bc0000 - 0x00007ffe91c34000 	C:\WINDOWS\System32\WS2_32.dll
0x00007ffe90a70000 - 0x00007ffe90ace000 	C:\WINDOWS\SYSTEM32\POWRPROF.dll
0x00007ffe7f490000 - 0x00007ffe7f4c5000 	C:\WINDOWS\SYSTEM32\WINMM.dll
0x00007ffe832d0000 - 0x00007ffe832db000 	C:\WINDOWS\SYSTEM32\VERSION.dll
0x00007ffe90a50000 - 0x00007ffe90a64000 	C:\WINDOWS\SYSTEM32\UMPDC.dll
0x00007ffe8f950000 - 0x00007ffe8f96b000 	C:\WINDOWS\SYSTEM32\kernel.appcore.dll
0x00007ffe82030000 - 0x00007ffe8203a000 	c:\Users\lauta\.vscode\extensions\redhat.java-1.43.1-win32-x64\jre\21.0.7-win32-x86_64\bin\jimage.dll
0x00007ffe8e250000 - 0x00007ffe8e491000 	C:\WINDOWS\SYSTEM32\DBGHELP.DLL
0x00007ffe92dd0000 - 0x00007ffe93159000 	C:\WINDOWS\System32\combase.dll
0x00007ffe93880000 - 0x00007ffe93960000 	C:\WINDOWS\System32\OLEAUT32.dll
0x00007ffe7cea0000 - 0x00007ffe7cee3000 	C:\WINDOWS\SYSTEM32\dbgcore.DLL
0x00007ffe91260000 - 0x00007ffe912f9000 	C:\WINDOWS\System32\bcryptPrimitives.dll
0x00007ffe74b90000 - 0x00007ffe74b9f000 	c:\Users\lauta\.vscode\extensions\redhat.java-1.43.1-win32-x64\jre\21.0.7-win32-x86_64\bin\instrument.dll
0x00007ffe7dea0000 - 0x00007ffe7debf000 	c:\Users\lauta\.vscode\extensions\redhat.java-1.43.1-win32-x64\jre\21.0.7-win32-x86_64\bin\java.dll
0x00007ffe91e40000 - 0x00007ffe9258e000 	C:\WINDOWS\System32\SHELL32.dll
0x00007ffe91620000 - 0x00007ffe91794000 	C:\WINDOWS\System32\wintypes.dll
0x00007ffe8e7e0000 - 0x00007ffe8f040000 	C:\WINDOWS\SYSTEM32\windows.storage.dll
0x00007ffe91c50000 - 0x00007ffe91d45000 	C:\WINDOWS\System32\SHCORE.dll
0x00007ffe91d50000 - 0x00007ffe91dba000 	C:\WINDOWS\System32\shlwapi.dll
0x00007ffe90b10000 - 0x00007ffe90b3f000 	C:\WINDOWS\SYSTEM32\profapi.dll
0x00007ffe6da50000 - 0x00007ffe6da68000 	c:\Users\lauta\.vscode\extensions\redhat.java-1.43.1-win32-x64\jre\21.0.7-win32-x86_64\bin\zip.dll
0x00007ffe80df0000 - 0x00007ffe80e00000 	C:\Users\lauta\.vscode\extensions\redhat.java-1.43.1-win32-x64\jre\21.0.7-win32-x86_64\bin\net.dll
0x00007ffe88e60000 - 0x00007ffe88f7e000 	C:\WINDOWS\SYSTEM32\WINHTTP.dll
0x00007ffe8feb0000 - 0x00007ffe8ff1b000 	C:\WINDOWS\system32\mswsock.dll
0x00007ffe747f0000 - 0x00007ffe74806000 	C:\Users\lauta\.vscode\extensions\redhat.java-1.43.1-win32-x64\jre\21.0.7-win32-x86_64\bin\nio.dll
0x00007ffe74920000 - 0x00007ffe74930000 	c:\Users\lauta\.vscode\extensions\redhat.java-1.43.1-win32-x64\jre\21.0.7-win32-x86_64\bin\verify.dll
0x00007ffe67100000 - 0x00007ffe67145000 	C:\Users\lauta\AppData\Roaming\Code\User\globalStorage\redhat.java\1.43.1\config_win\org.eclipse.equinox.launcher\org.eclipse.equinox.launcher.win32.win32.x86_64_1.2.1300.v20250331-1702\eclipse_11911.dll
0x00007ffe91960000 - 0x00007ffe91afe000 	C:\WINDOWS\System32\ole32.dll
0x00007ffe90210000 - 0x00007ffe9022b000 	C:\WINDOWS\SYSTEM32\CRYPTSP.dll
0x00007ffe8f8b0000 - 0x00007ffe8f8ea000 	C:\WINDOWS\system32\rsaenh.dll
0x00007ffe8ff50000 - 0x00007ffe8ff7b000 	C:\WINDOWS\SYSTEM32\USERENV.dll
0x00007ffe90ae0000 - 0x00007ffe90b06000 	C:\WINDOWS\SYSTEM32\bcrypt.dll
0x00007ffe90100000 - 0x00007ffe9010c000 	C:\WINDOWS\SYSTEM32\CRYPTBASE.dll
0x00007ffe8f340000 - 0x00007ffe8f373000 	C:\WINDOWS\SYSTEM32\IPHLPAPI.DLL
0x00007ffe91c40000 - 0x00007ffe91c4a000 	C:\WINDOWS\System32\NSI.dll
0x00007ffe34ec0000 - 0x00007ffe34f09000 	C:\Users\lauta\AppData\Local\Temp\jna-102746125\jna566868479383344201.dll
0x00007ffe93970000 - 0x00007ffe93978000 	C:\WINDOWS\System32\PSAPI.DLL
0x00007ffe88fd0000 - 0x00007ffe88fef000 	C:\WINDOWS\SYSTEM32\dhcpcsvc6.DLL
0x00007ffe88cc0000 - 0x00007ffe88ce5000 	C:\WINDOWS\SYSTEM32\dhcpcsvc.DLL
0x00007ffe6dd60000 - 0x00007ffe6dd87000 	C:\Users\lauta\.gradle\native\c067742578af261105cb4f569cf0c3c89f3d7b1fecec35dd04571415982c5e48\windows-amd64\native-platform.dll

dbghelp: loaded successfully - version: 4.0.5 - missing functions: none
symbol engine: initialized successfully - sym options: 0x614 - pdb path: .;c:\Users\lauta\.vscode\extensions\redhat.java-1.43.1-win32-x64\jre\21.0.7-win32-x86_64\bin;C:\WINDOWS\SYSTEM32;C:\WINDOWS\WinSxS\amd64_microsoft.windows.common-controls_6595b64144ccf1df_6.0.26100.4441_none_3e0ab07ce3324174;c:\Users\lauta\.vscode\extensions\redhat.java-1.43.1-win32-x64\jre\21.0.7-win32-x86_64\bin\server;C:\Users\lauta\AppData\Roaming\Code\User\globalStorage\redhat.java\1.43.1\config_win\org.eclipse.equinox.launcher\org.eclipse.equinox.launcher.win32.win32.x86_64_1.2.1300.v20250331-1702;C:\Users\lauta\AppData\Local\Temp\jna-102746125;C:\Users\lauta\.gradle\native\c067742578af261105cb4f569cf0c3c89f3d7b1fecec35dd04571415982c5e48\windows-amd64

VM Arguments:
jvm_args: --add-modules=ALL-SYSTEM --add-opens=java.base/java.util=ALL-UNNAMED --add-opens=java.base/java.lang=ALL-UNNAMED --add-opens=java.base/sun.nio.fs=ALL-UNNAMED -Declipse.application=org.eclipse.jdt.ls.core.id1 -Dosgi.bundles.defaultStartLevel=4 -Declipse.product=org.eclipse.jdt.ls.core.product -Djava.import.generatesMetadataFilesAtProjectRoot=false -DDetectVMInstallationsJob.disabled=true -Dfile.encoding=utf8 -XX:+UseParallelGC -XX:GCTimeRatio=4 -XX:AdaptiveSizePolicyWeight=90 -Dsun.zip.disableMemoryMapping=true -Xmx2G -Xms100m -Xlog:disable -javaagent:c:\Users\lauta\.vscode\extensions\redhat.java-1.43.1-win32-x64\lombok\lombok-1.18.39-4050.jar -XX:+HeapDumpOnOutOfMemoryError -XX:HeapDumpPath=c:\Users\lauta\AppData\Roaming\Code\User\workspaceStorage\c792aae85380272769ba0943be7e9a92\redhat.java -Daether.dependencyCollector.impl=bf 
java_command: c:\Users\lauta\.vscode\extensions\redhat.java-1.43.1-win32-x64\server\plugins\org.eclipse.equinox.launcher_1.7.0.v20250519-0528.jar -configuration c:\Users\lauta\AppData\Roaming\Code\User\globalStorage\redhat.java\1.43.1\config_win -data c:\Users\lauta\AppData\Roaming\Code\User\workspaceStorage\c792aae85380272769ba0943be7e9a92\redhat.java\jdt_ws --pipe=\\.\pipe\lsp-1a59033046c16226dd48fe974b78a3db-sock
java_class_path (initial): c:\Users\lauta\.vscode\extensions\redhat.java-1.43.1-win32-x64\server\plugins\org.eclipse.equinox.launcher_1.7.0.v20250519-0528.jar
Launcher Type: SUN_STANDARD

[Global flags]
    uintx AdaptiveSizePolicyWeight                 = 90                                        {product} {command line}
     intx CICompilerCount                          = 4                                         {product} {ergonomic}
    uintx GCTimeRatio                              = 4                                         {product} {command line}
     bool HeapDumpOnOutOfMemoryError               = true                                   {manageable} {command line}
    ccstr HeapDumpPath                             = c:\Users\lauta\AppData\Roaming\Code\User\workspaceStorage\c792aae85380272769ba0943be7e9a92\redhat.java         {manageable} {command line}
   size_t InitialHeapSize                          = 104857600                                 {product} {command line}
   size_t MaxHeapSize                              = 2147483648                                {product} {command line}
   size_t MaxNewSize                               = 715653120                                 {product} {ergonomic}
   size_t MinHeapDeltaBytes                        = 524288                                    {product} {ergonomic}
   size_t MinHeapSize                              = 104857600                                 {product} {command line}
   size_t NewSize                                  = 34603008                                  {product} {ergonomic}
    uintx NonNMethodCodeHeapSize                   = 5839372                                {pd product} {ergonomic}
    uintx NonProfiledCodeHeapSize                  = 122909434                              {pd product} {ergonomic}
   size_t OldSize                                  = 70254592                                  {product} {ergonomic}
    uintx ProfiledCodeHeapSize                     = 122909434                              {pd product} {ergonomic}
    uintx ReservedCodeCacheSize                    = 251658240                              {pd product} {ergonomic}
     bool SegmentedCodeCache                       = true                                      {product} {ergonomic}
   size_t SoftMaxHeapSize                          = 2147483648                             {manageable} {ergonomic}
     bool UseCompressedOops                        = true                           {product lp64_product} {ergonomic}
     bool UseLargePagesIndividualAllocation        = false                                  {pd product} {ergonomic}
     bool UseParallelGC                            = true                                      {product} {command line}

Logging:
Log output configuration:
 #0: stdout all=off uptime,level,tags foldmultilines=false
 #1: stderr all=off uptime,level,tags foldmultilines=false

Environment Variables:
JAVA_HOME="C:\Program Files\Java\jdk-22"
PATH=C:\Program Files\Common Files\Oracle\Java\javapath;C:\Program Files (x86)\Common Files\Oracle\Java\javapath;C:\WINDOWS\system32;C:\WINDOWS;C:\WINDOWS\System32\Wbem;C:\WINDOWS\System32\WindowsPowerShell\v1.0\;C:\WINDOWS\System32\OpenSSH\;C:\jdk-22.0.2\bin;C:\Program Files\Docker\Docker\resources\bin;C:\Program Files\dotnet\;C:\xampp\php;C:\Program Files\nodejs\;C:\Program Files\Git\cmd;C:\WINDOWS\system32\config\systemprofile\AppData\Local\Muse Hub\lib;C:\Users\lauta\AppData\Local\Programs\Python\Python311\Scripts\;C:\Users\lauta\AppData\Local\Programs\Python\Python311\;C:\Users\lauta\AppData\Local\Programs\Python\Launcher\;C:\flutter\bin;C:\Program Files\nodejs;C:\Users\lauta\AppData\Roaming\npm;C:\Users\lauta\AppData\Local\Programs\Microsoft VS Code\bin;C:\Users\lauta\AppData\Local\GitHubDesktop\bin;C:\Users\lauta\AppData\Local\Microsoft\WindowsApps;C:\Users\lauta\AppData\Local\Muse Hub\lib;C:\flutter\flutter\bin
USERNAME=lauta
OS=Windows_NT
PROCESSOR_IDENTIFIER=Intel64 Family 6 Model 126 Stepping 5, GenuineIntel
TMP=C:\Users\lauta\AppData\Local\Temp
TEMP=C:\Users\lauta\AppData\Local\Temp




Periodic native trim disabled

---------------  S Y S T E M  ---------------

OS:
 Windows 11 , 64 bit Build 26100 (10.0.26100.4520)
OS uptime: 3 days 11:52 hours
Hyper-V role detected

CPU: total 8 (initial active 8) (4 cores per cpu, 2 threads per core) family 6 model 126 stepping 5 microcode 0x96, cx8, cmov, fxsr, ht, mmx, 3dnowpref, sse, sse2, sse3, ssse3, sse4.1, sse4.2, popcnt, lzcnt, tsc, tscinvbit, avx, avx2, aes, erms, clmul, bmi1, bmi2, adx, avx512f, avx512dq, avx512cd, avx512bw, avx512vl, sha, fma, vzeroupper, avx512_vpopcntdq, avx512_vpclmulqdq, avx512_vaes, avx512_vnni, clflush, clflushopt, avx512_vbmi2, avx512_vbmi, hv, rdtscp, rdpid, fsrm, gfni, avx512_bitalg, f16c, avx512_ifma
Processor Information for the first 8 processors :
  Max Mhz: 1498, Current Mhz: 1298, Mhz Limit: 1288

Memory: 4k page, system-wide physical 24315M (4138M free)
TotalPageFile size 24331M (AvailPageFile size 4M)
current process WorkingSet (physical memory assigned to process): 305M, peak: 305M
current process commit charge ("private bytes"): 369M, peak: 381M

vm_info: OpenJDK 64-Bit Server VM (21.0.7+6-LTS) for windows-amd64 JRE (21.0.7+6-LTS), built on 2025-04-15T00:00:00Z by "admin" with MS VC++ 17.7 (VS2022)

END.
